<?xml version="1.0" encoding="UTF-8"?>
<!-- Generated by org.testng.reporters.JUnitXMLReporter -->
<testsuite hostname="Navnath" ignored="0" name="Command line test" tests="10" failures="1" timestamp="07 Dec 2020 15:49:09 GMT" time="145.755" errors="0">
  <testcase name="dt" time="46.11" classname="com.orangehrmlive.DataProviderTest"/>
  <testcase name="dt" time="19.475" classname="com.orangehrmlive.DataProviderTest"/>
  <testcase name="adminModule1" time="0.001" classname="com.orangehrmlive.GroupTest"/>
  <testcase name="adminModule2" time="0.001" classname="com.orangehrmlive.GroupTest"/>
  <testcase name="leaveModule1" time="0.001" classname="com.orangehrmlive.GroupTest"/>
  <testcase name="leaveModule2" time="0.001" classname="com.orangehrmlive.GroupTest"/>
  <testcase name="adminTest" time="3.159" classname="com.orangehrmlive.TestNGDemo"/>
  <testcase name="leaveTest" time="8.967" classname="com.orangehrmlive.TestNGDemo"/>
  <testcase name="pimTest" time="2.304" classname="com.orangehrmlive.TestNGDemo"/>
  <testcase name="paraTest" time="0.0" classname="com.orangehrmlive.XmlTest">
    <failure type="org.testng.TestNGException" message="
Parameter &amp;apos;uname&amp;apos; is required by @Test on method paraTest but has not been marked @Optional or defined
">
      <![CDATA[org.testng.TestNGException: 
Parameter 'uname' is required by @Test on method paraTest but has not been marked @Optional or defined

... Removed 34 stack frames]]>
    </failure>
  </testcase> <!-- paraTest -->
</testsuite> <!-- Command line test -->
